   1              		.syntax unified
   2              		.cpu cortex-m4
   3              		.fpu softvfp
   4              		.eabi_attribute 20, 1
   5              		.eabi_attribute 21, 1
   6              		.eabi_attribute 23, 3
   7              		.eabi_attribute 24, 1
   8              		.eabi_attribute 25, 1
   9              		.eabi_attribute 26, 1
  10              		.eabi_attribute 30, 6
  11              		.eabi_attribute 34, 1
  12              		.eabi_attribute 18, 4
  13              		.thumb
  14              		.file	"HealthTask.c"
  15              		.text
  16              	.Ltext0:
  17              		.cfi_sections	.debug_frame
  18              		.section	.rodata
  19              		.align	2
  20              	.LC0:
  21 0000 0A204865 		.ascii	"\012 Health task started\012\000"
  21      616C7468 
  21      20746173 
  21      6B207374 
  21      61727465 
  22 0017 00       		.align	2
  23              	.LC1:
  24 0018 4865616C 		.ascii	"Health task received a message\012\000"
  24      74682074 
  24      61736B20 
  24      72656365 
  24      69766564 
  25              		.section	.text.Health_task,"ax",%progbits
  26              		.align	2
  27              		.global	Health_task
  28              		.thumb
  29              		.thumb_func
  31              	Health_task:
  32              	.LFB0:
  33              		.file 1 "../Sources/HealthTask.c"
   1:../Sources/HealthTask.c **** /*
   2:../Sources/HealthTask.c ****  * HealthTask.c
   3:../Sources/HealthTask.c ****  *
   4:../Sources/HealthTask.c ****  *  Created on: Feb 6, 2014
   5:../Sources/HealthTask.c ****  *      Author: Embedded Access Inc
   6:../Sources/HealthTask.c ****  */
   7:../Sources/HealthTask.c **** 
   8:../Sources/HealthTask.c **** #include "main.h"
   9:../Sources/HealthTask.c **** 
  10:../Sources/HealthTask.c **** 
  11:../Sources/HealthTask.c **** /*TASK*-----------------------------------------------------
  12:../Sources/HealthTask.c **** * 
  13:../Sources/HealthTask.c **** * Task Name    : Health_task
  14:../Sources/HealthTask.c **** * Comments     :
  15:../Sources/HealthTask.c **** *    This is the Health task
  16:../Sources/HealthTask.c **** *
  17:../Sources/HealthTask.c **** *END*-----------------------------------------------------*/
  18:../Sources/HealthTask.c **** 
  19:../Sources/HealthTask.c **** void Health_task(uint32_t initial_data)
  20:../Sources/HealthTask.c **** {
  34              		.loc 1 20 0
  35              		.cfi_startproc
  36              		@ args = 0, pretend = 0, frame = 16
  37              		@ frame_needed = 1, uses_anonymous_args = 0
  38 0000 80B5     		push	{r7, lr}
  39              	.LCFI0:
  40              		.cfi_def_cfa_offset 8
  41              		.cfi_offset 7, -8
  42              		.cfi_offset 14, -4
  43 0002 84B0     		sub	sp, sp, #16
  44              	.LCFI1:
  45              		.cfi_def_cfa_offset 24
  46 0004 00AF     		add	r7, sp, #0
  47              	.LCFI2:
  48              		.cfi_def_cfa_register 7
  49 0006 7860     		str	r0, [r7, #4]
  21:../Sources/HealthTask.c **** 	_queue_id my_qid, display_qid;
  22:../Sources/HealthTask.c **** 	APPLICATION_MESSAGE * msg;
  23:../Sources/HealthTask.c **** 	
  24:../Sources/HealthTask.c **** 	printf("\n Health task started\n"); 
  50              		.loc 1 24 0
  51 0008 40F20000 		movw	r0, #:lower16:.LC0
  52 000c C0F20000 		movt	r0, #:upper16:.LC0
  53 0010 FFF7FEFF 		bl	_io_printf
  25:../Sources/HealthTask.c **** 	
  26:../Sources/HealthTask.c **** 	 _klog_create(2*1024,0); //2048 Byte buffer, stop logging when full
  54              		.loc 1 26 0
  55 0014 4FF40060 		mov	r0, #2048
  56 0018 4FF00001 		mov	r1, #0
  57 001c FFF7FEFF 		bl	_klog_create
  27:../Sources/HealthTask.c **** 	
  28:../Sources/HealthTask.c **** 	 _klog_control(KLOG_ENABLED | KLOG_CONTEXT_ENABLED |
  58              		.loc 1 28 0
  59 0020 46F61300 		movw	r0, #26643
  60 0024 4FF00101 		mov	r1, #1
  61 0028 FFF7FEFF 		bl	_klog_control
  29:../Sources/HealthTask.c **** 			 	   KLOG_FUNCTIONS_ENABLED | KLOG_TIME_FUNCTIONS | KLOG_EVENT_FUNCTIONS |
  30:../Sources/HealthTask.c **** 			 	   //KLOG_TASK_QUALIFIED	  | 
  31:../Sources/HealthTask.c **** 			 	   //KLOG_NAME_FUNCTIONS 	  ,
  32:../Sources/HealthTask.c **** 			 	   //KLOG_INTERRUPTS_ENABLED, 
  33:../Sources/HealthTask.c **** 			 	   KLOG_INTERRUPT_FUNCTIONS,
  34:../Sources/HealthTask.c **** 			 	   TRUE ); //Enable kernel logging	 
  35:../Sources/HealthTask.c **** 	 
  36:../Sources/HealthTask.c **** 	_klog_enable_logging_task(_task_get_id()); /* Only tasks that enable klog can log */	
  62              		.loc 1 36 0
  63 002c FFF7FEFF 		bl	_task_get_id
  64 0030 0346     		mov	r3, r0
  65 0032 1846     		mov	r0, r3
  66 0034 FFF7FEFF 		bl	_klog_enable_logging_task
  37:../Sources/HealthTask.c **** 	_msgpool_create_system(sizeof(*msg), 10, 0, 0);	
  67              		.loc 1 37 0
  68 0038 4FF01000 		mov	r0, #16
  69 003c 4FF00A01 		mov	r1, #10
  70 0040 4FF00002 		mov	r2, #0
  71 0044 4FF00003 		mov	r3, #0
  72 0048 FFF7FEFF 		bl	_msgpool_create_system
  38:../Sources/HealthTask.c **** 	
  39:../Sources/HealthTask.c **** 	my_qid = _msgq_open(HEALTH_QUEUE, 0); /* Open message queue for health task */
  73              		.loc 1 39 0
  74 004c 4FF00100 		mov	r0, #1
  75 0050 4FF00001 		mov	r1, #0
  76 0054 FFF7FEFF 		bl	_msgq_open
  77 0058 0346     		mov	r3, r0
  78 005a FB81     		strh	r3, [r7, #14]	@ movhi
  40:../Sources/HealthTask.c **** 	display_qid = _msgq_get_id(0, DISPLAY_QUEUE);	
  79              		.loc 1 40 0
  80 005c 4FF00000 		mov	r0, #0
  81 0060 4FF00201 		mov	r1, #2
  82 0064 FFF7FEFF 		bl	_msgq_get_id
  83 0068 0346     		mov	r3, r0
  84 006a BB81     		strh	r3, [r7, #12]	@ movhi
  85              	.L2:
  41:../Sources/HealthTask.c **** 	
  42:../Sources/HealthTask.c **** 	//printf("\n Health: Hello World\n"); 
  43:../Sources/HealthTask.c **** 	while(1){		
  44:../Sources/HealthTask.c **** 		msg = _msgq_receive(my_qid, 0);		
  86              		.loc 1 44 0
  87 006c FB89     		ldrh	r3, [r7, #14]
  88 006e 1846     		mov	r0, r3
  89 0070 4FF00001 		mov	r1, #0
  90 0074 FFF7FEFF 		bl	_msgq_receive
  91 0078 B860     		str	r0, [r7, #8]
  45:../Sources/HealthTask.c **** 		printf("Health task received a message\n");
  92              		.loc 1 45 0
  93 007a 40F20000 		movw	r0, #:lower16:.LC1
  94 007e C0F20000 		movt	r0, #:upper16:.LC1
  95 0082 FFF7FEFF 		bl	_io_printf
  46:../Sources/HealthTask.c **** 		msg->HEADER.TARGET_QID = display_qid;
  96              		.loc 1 46 0
  97 0086 BB68     		ldr	r3, [r7, #8]
  98 0088 BA89     		ldrh	r2, [r7, #12]	@ movhi
  99 008a 5A80     		strh	r2, [r3, #2]	@ movhi
  47:../Sources/HealthTask.c **** 		
  48:../Sources/HealthTask.c **** 		_msgq_send(msg);
 100              		.loc 1 48 0
 101 008c B868     		ldr	r0, [r7, #8]
 102 008e FFF7FEFF 		bl	_msgq_send
  49:../Sources/HealthTask.c **** 		
  50:../Sources/HealthTask.c **** 		//_time_delay(1000);
  51:../Sources/HealthTask.c **** 		//_sched_yield(); // Task puts itself at the end of the ready-to-run queue (for its priority)
  52:../Sources/HealthTask.c **** 	}
 103              		.loc 1 52 0
 104 0092 EBE7     		b	.L2
 105              		.cfi_endproc
 106              	.LFE0:
 108              		.text
 109              	.Letext0:
 110              		.file 2 "C:/Freescale/CW MCU v10.6/MCU/ARM_GCC_Support/ewl/EWL_C/include/cstdint"
 111              		.file 3 "C:/Freescale/Freescale_MQX_4_1/lib/twrk60n512.cw10gcc/debug/psp/message.h"
 112              		.file 4 "../Sources/main.h"
DEFINED SYMBOLS
                            *ABS*:00000000 HealthTask.c
C:\Users\Angus\AppData\Local\Temp\cc7xCeZj.s:19     .rodata:00000000 $d
C:\Users\Angus\AppData\Local\Temp\cc7xCeZj.s:20     .rodata:00000000 .LC0
C:\Users\Angus\AppData\Local\Temp\cc7xCeZj.s:23     .rodata:00000018 .LC1
C:\Users\Angus\AppData\Local\Temp\cc7xCeZj.s:26     .text.Health_task:00000000 $t
C:\Users\Angus\AppData\Local\Temp\cc7xCeZj.s:31     .text.Health_task:00000000 Health_task
                     .debug_frame:00000010 $d

UNDEFINED SYMBOLS
_io_printf
_klog_create
_klog_control
_task_get_id
_klog_enable_logging_task
_msgpool_create_system
_msgq_open
_msgq_get_id
_msgq_receive
_msgq_send
